E:\CECCO E BJ\2017-11-14_FRAZIONI\DEBUG\2017-11-14_FRAZIONI.EXE
E:\CECCO E BJ\2017-11-14_FRAZIONI\DEBUG\2017-11-14_FRAZIONI.EXE.EMBED.MANIFEST
E:\CECCO E BJ\2017-11-14_FRAZIONI\DEBUG\2017-11-14_FRAZIONI.EXE.EMBED.MANIFEST.RES
E:\CECCO E BJ\2017-11-14_FRAZIONI\DEBUG\2017-11-14_FRAZIONI.EXE.INTERMEDIATE.MANIFEST
E:\CECCO E BJ\2017-11-14_FRAZIONI\DEBUG\2017-11-14_FRAZIONI.ILK
E:\CECCO E BJ\2017-11-14_FRAZIONI\DEBUG\2017-11-14_FRAZIONI.PDB
E:\cecco e bj\2017-11-14_Frazioni\Debug\2017-11-14_Frazioni.write.1.tlog
E:\cecco e bj\2017-11-14_Frazioni\Debug\2017-11-14_Frazioni_manifest.rc
E:\cecco e bj\2017-11-14_Frazioni\Debug\cl.command.1.tlog
E:\cecco e bj\2017-11-14_Frazioni\Debug\CL.read.1.tlog
E:\cecco e bj\2017-11-14_Frazioni\Debug\CL.write.1.tlog
E:\CECCO E BJ\2017-11-14_FRAZIONI\DEBUG\FRAZ.OBJ
E:\cecco e bj\2017-11-14_Frazioni\Debug\link.4384.read.1.tlog
E:\cecco e bj\2017-11-14_Frazioni\Debug\link.4384.write.1.tlog
E:\cecco e bj\2017-11-14_Frazioni\Debug\link.4384-cvtres.read.1.tlog
E:\cecco e bj\2017-11-14_Frazioni\Debug\link.4384-cvtres.write.1.tlog
E:\cecco e bj\2017-11-14_Frazioni\Debug\link.command.1.tlog
E:\cecco e bj\2017-11-14_Frazioni\Debug\link.read.1.tlog
E:\cecco e bj\2017-11-14_Frazioni\Debug\link.write.1.tlog
E:\cecco e bj\2017-11-14_Frazioni\Debug\link-cvtres.read.1.tlog
E:\cecco e bj\2017-11-14_Frazioni\Debug\link-cvtres.write.1.tlog
E:\CECCO E BJ\2017-11-14_FRAZIONI\DEBUG\MAIN.OBJ
E:\cecco e bj\2017-11-14_Frazioni\Debug\mt.command.1.tlog
E:\cecco e bj\2017-11-14_Frazioni\Debug\mt.read.1.tlog
E:\cecco e bj\2017-11-14_Frazioni\Debug\mt.write.1.tlog
E:\cecco e bj\2017-11-14_Frazioni\Debug\rc.command.1.tlog
E:\cecco e bj\2017-11-14_Frazioni\Debug\rc.read.1.tlog
E:\cecco e bj\2017-11-14_Frazioni\Debug\rc.write.1.tlog
E:\cecco e bj\2017-11-14_Frazioni\Debug\vc100.idb
E:\CECCO E BJ\2017-11-14_FRAZIONI\DEBUG\VC100.PDB
