Compilazione avviata 25/09/2017 11:42:49.
     1>Progetto "\\infoserver\agostinelligi\Informatica\Informatica 4^A\2017-09-25_Lista Statica su array\2017-09-25_Lista Statica su array.vcxproj" sul nodo 2 (destinazioni: build).
     1>InitializeBuildStatus:
         Creazione di "Debug\2017-09-25_Lista Statica su array.unsuccessfulbuild". È stato specificato "AlwaysCreate".
       ClCompile:
         C:\Program Files (x86)\Microsoft Visual Studio 10.0\VC\bin\CL.exe /c /ZI /nologo /W3 /WX- /Od /Oy- /D WIN32 /D _DEBUG /D _CONSOLE /D _UNICODE /D UNICODE /Gm /EHsc /RTC1 /MDd /GS /fp:precise /Zc:wchar_t /Zc:forScope /Fo"Debug\\" /Fd"Debug\vc100.pdb" /Gd /TC /analyze- /errorReport:prompt main.c
         main.c
     1>\\infoserver\agostinelligi\informatica\informatica 4^a\2017-09-25_lista statica su array\main.c(65): warning C4101: 'n': variabile locale senza riferimenti
       ManifestResourceCompile:
         C:\Program Files (x86)\Microsoft SDKs\Windows\v7.0A\bin\rc.exe /nologo /fo"Debug\2017-09-25_Lista Statica su array.exe.embed.manifest.res" "Debug\2017-09-25_Lista Statica su array_manifest.rc" 
       Link:
         C:\Program Files (x86)\Microsoft Visual Studio 10.0\VC\bin\link.exe /ERRORREPORT:PROMPT /OUT:"\\infoserver\agostinelligi\Informatica\Informatica 4^A\2017-09-25_Lista Statica su array\Debug\2017-09-25_Lista Statica su array.exe" /INCREMENTAL /NOLOGO kernel32.lib user32.lib gdi32.lib winspool.lib comdlg32.lib advapi32.lib shell32.lib ole32.lib oleaut32.lib uuid.lib odbc32.lib odbccp32.lib /MANIFEST /ManifestFile:"Debug\2017-09-25_Lista Statica su array.exe.intermediate.manifest" /MANIFESTUAC:"level='asInvoker' uiAccess='false'" /DEBUG /PDB:"\\infoserver\agostinelligi\Informatica\Informatica 4^A\2017-09-25_Lista Statica su array\Debug\2017-09-25_Lista Statica su array.pdb" /SUBSYSTEM:CONSOLE /TLBID:1 /DYNAMICBASE /NXCOMPAT /IMPLIB:"\\infoserver\agostinelligi\Informatica\Informatica 4^A\2017-09-25_Lista Statica su array\Debug\2017-09-25_Lista Statica su array.lib" /MACHINE:X86 "Debug\2017-09-25_Lista Statica su array.exe.embed.manifest.res"
         Debug\main.obj
       Manifest:
         C:\Program Files (x86)\Microsoft SDKs\Windows\v7.0A\bin\mt.exe /nologo /verbose /out:"Debug\2017-09-25_Lista Statica su array.exe.embed.manifest" /manifest "Debug\2017-09-25_Lista Statica su array.exe.intermediate.manifest"
         C:\Program Files (x86)\Microsoft SDKs\Windows\v7.0A\bin\rc.exe /nologo /fo"Debug\2017-09-25_Lista Statica su array.exe.embed.manifest.res" "Debug\2017-09-25_Lista Statica su array_manifest.rc" 
       LinkEmbedManifest:
         C:\Program Files (x86)\Microsoft Visual Studio 10.0\VC\bin\link.exe /ERRORREPORT:PROMPT /OUT:"\\infoserver\agostinelligi\Informatica\Informatica 4^A\2017-09-25_Lista Statica su array\Debug\2017-09-25_Lista Statica su array.exe" /INCREMENTAL /NOLOGO kernel32.lib user32.lib gdi32.lib winspool.lib comdlg32.lib advapi32.lib shell32.lib ole32.lib oleaut32.lib uuid.lib odbc32.lib odbccp32.lib /MANIFEST /ManifestFile:"Debug\2017-09-25_Lista Statica su array.exe.intermediate.manifest" /MANIFESTUAC:"level='asInvoker' uiAccess='false'" /DEBUG /PDB:"\\infoserver\agostinelligi\Informatica\Informatica 4^A\2017-09-25_Lista Statica su array\Debug\2017-09-25_Lista Statica su array.pdb" /SUBSYSTEM:CONSOLE /TLBID:1 /DYNAMICBASE /NXCOMPAT /IMPLIB:"\\infoserver\agostinelligi\Informatica\Informatica 4^A\2017-09-25_Lista Statica su array\Debug\2017-09-25_Lista Statica su array.lib" /MACHINE:X86 "Debug\2017-09-25_Lista Statica su array.exe.embed.manifest.res"
         Debug\main.obj
         2017-09-25_Lista Statica su array.vcxproj -> \\infoserver\agostinelligi\Informatica\Informatica 4^A\2017-09-25_Lista Statica su array\Debug\2017-09-25_Lista Statica su array.exe
       FinalizeBuildStatus:
         Eliminazione del file "Debug\2017-09-25_Lista Statica su array.unsuccessfulbuild" in corso.
         Aggiornamento timestamp di "Debug\2017-09-25_Lista Statica su array.lastbuildstate".
     1>Compilazione progetto "\\infoserver\agostinelligi\Informatica\Informatica 4^A\2017-09-25_Lista Statica su array\2017-09-25_Lista Statica su array.vcxproj" (destinazioni: build) completata.

Compilazione completata.

Tempo trascorso 00:00:03.58
