Compilazione avviata 31/10/2017 08:40:08.
     1>Progetto "G:\2017-10-24_Lista su file\2017-10-24_Lista su file.vcxproj" sul nodo 2 (destinazioni: build).
     1>InitializeBuildStatus:
         Aggiornamento timestamp di "Debug\2017-10-24_Lista su file.unsuccessfulbuild".
       ClCompile:
         C:\Program Files (x86)\Microsoft Visual Studio 10.0\VC\bin\CL.exe /c /ZI /nologo /W3 /WX- /Od /Oy- /D WIN32 /D _DEBUG /D _CONSOLE /D _UNICODE /D UNICODE /Gm /EHsc /RTC1 /MDd /GS /fp:precise /Zc:wchar_t /Zc:forScope /Fo"Debug\\" /Fd"Debug\vc100.pdb" /Gd /TP /analyze- /errorReport:prompt main.cpp
         main.cpp
     1>g:\2017-10-24_lista su file\main.cpp(18): warning C4101: 'nomeFile': variabile locale senza riferimenti
     1>g:\2017-10-24_lista su file\main.cpp(57): warning C4996: 'fopen': This function or variable may be unsafe. Consider using fopen_s instead. To disable deprecation, use _CRT_SECURE_NO_WARNINGS. See online help for details.
                 c:\program files (x86)\microsoft visual studio 10.0\vc\include\stdio.h(234): vedere la dichiarazione di 'fopen'
     1>g:\2017-10-24_lista su file\main.cpp(83): warning C4996: 'fopen': This function or variable may be unsafe. Consider using fopen_s instead. To disable deprecation, use _CRT_SECURE_NO_WARNINGS. See online help for details.
                 c:\program files (x86)\microsoft visual studio 10.0\vc\include\stdio.h(234): vedere la dichiarazione di 'fopen'
       ManifestResourceCompile:
         Tutti gli output sono aggiornati.
       Link:
         C:\Program Files (x86)\Microsoft Visual Studio 10.0\VC\bin\link.exe /ERRORREPORT:PROMPT /OUT:"G:\2017-10-24_Lista su file\Debug\2017-10-24_Lista su file.exe" /INCREMENTAL /NOLOGO kernel32.lib user32.lib gdi32.lib winspool.lib comdlg32.lib advapi32.lib shell32.lib ole32.lib oleaut32.lib uuid.lib odbc32.lib odbccp32.lib /MANIFEST /ManifestFile:"Debug\2017-10-24_Lista su file.exe.intermediate.manifest" /MANIFESTUAC:"level='asInvoker' uiAccess='false'" /DEBUG /PDB:"G:\2017-10-24_Lista su file\Debug\2017-10-24_Lista su file.pdb" /SUBSYSTEM:CONSOLE /TLBID:1 /DYNAMICBASE /NXCOMPAT /IMPLIB:"G:\2017-10-24_Lista su file\Debug\2017-10-24_Lista su file.lib" /MACHINE:X86 "Debug\2017-10-24_Lista su file.exe.embed.manifest.res"
         Debug\lista.obj
         Debug\main.obj
       Manifest:
         C:\Program Files (x86)\Microsoft SDKs\Windows\v7.0A\bin\mt.exe /nologo /verbose /out:"Debug\2017-10-24_Lista su file.exe.embed.manifest" /manifest "Debug\2017-10-24_Lista su file.exe.intermediate.manifest"
         Tutti gli output sono aggiornati.
       LinkEmbedManifest:
         Tutti gli output sono aggiornati.
         2017-10-24_Lista su file.vcxproj -> G:\2017-10-24_Lista su file\Debug\2017-10-24_Lista su file.exe
       FinalizeBuildStatus:
         Eliminazione del file "Debug\2017-10-24_Lista su file.unsuccessfulbuild" in corso.
         Aggiornamento timestamp di "Debug\2017-10-24_Lista su file.lastbuildstate".
     1>Compilazione progetto "G:\2017-10-24_Lista su file\2017-10-24_Lista su file.vcxproj" (destinazioni: build) completata.

Compilazione completata.

Tempo trascorso 00:00:03.12
