\\INFOSERVER\AGOSTINELLIGI\INFORMATICA\INFORMATICA 4^A\2017-11-07_CLASS STACK\DEBUG\2017-11-07_CLASS STACK.PDB
\\INFOSERVER\AGOSTINELLIGI\INFORMATICA\INFORMATICA 4^A\2017-11-07_CLASS STACK\DEBUG\VC100.PDB
C:\Jacopo\Scuola\Superiori\4°Anno\Informatica\2017-11-07_Class stack\Debug\2017-11-07_Class stack.exe
C:\Jacopo\Scuola\Superiori\4°Anno\Informatica\2017-11-07_Class stack\Debug\2017-11-07_Class stack.exe.embed.manifest
C:\Jacopo\Scuola\Superiori\4°Anno\Informatica\2017-11-07_Class stack\Debug\2017-11-07_Class stack.exe.embed.manifest.res
C:\Jacopo\Scuola\Superiori\4°Anno\Informatica\2017-11-07_Class stack\Debug\2017-11-07_Class stack.exe.intermediate.manifest
C:\Jacopo\Scuola\Superiori\4°Anno\Informatica\2017-11-07_Class stack\Debug\2017-11-07_Class stack.ilk
C:\Jacopo\Scuola\Superiori\4°Anno\Informatica\2017-11-07_Class stack\Debug\2017-11-07_Class stack.pdb
C:\Jacopo\Scuola\Superiori\4°Anno\Informatica\2017-11-07_Class stack\Debug\2017-11-07_Class stack.vcxprojResolveAssemblyReference.cache
C:\Jacopo\Scuola\Superiori\4°Anno\Informatica\2017-11-07_Class stack\Debug\2017-11-07_Class stack.write.1.tlog
C:\Jacopo\Scuola\Superiori\4°Anno\Informatica\2017-11-07_Class stack\Debug\2017-11-07_Class stack_manifest.rc
C:\Jacopo\Scuola\Superiori\4°Anno\Informatica\2017-11-07_Class stack\Debug\cl.command.1.tlog
C:\Jacopo\Scuola\Superiori\4°Anno\Informatica\2017-11-07_Class stack\Debug\CL.read.1.tlog
C:\Jacopo\Scuola\Superiori\4°Anno\Informatica\2017-11-07_Class stack\Debug\CL.write.1.tlog
C:\Jacopo\Scuola\Superiori\4°Anno\Informatica\2017-11-07_Class stack\Debug\link.3368.read.1.tlog
C:\Jacopo\Scuola\Superiori\4°Anno\Informatica\2017-11-07_Class stack\Debug\link.3368.write.1.tlog
C:\Jacopo\Scuola\Superiori\4°Anno\Informatica\2017-11-07_Class stack\Debug\link.3368-cvtres.read.1.tlog
C:\Jacopo\Scuola\Superiori\4°Anno\Informatica\2017-11-07_Class stack\Debug\link.3368-cvtres.write.1.tlog
C:\Jacopo\Scuola\Superiori\4°Anno\Informatica\2017-11-07_Class stack\Debug\link.command.1.tlog
C:\Jacopo\Scuola\Superiori\4°Anno\Informatica\2017-11-07_Class stack\Debug\link.read.1.tlog
C:\Jacopo\Scuola\Superiori\4°Anno\Informatica\2017-11-07_Class stack\Debug\link.write.1.tlog
C:\Jacopo\Scuola\Superiori\4°Anno\Informatica\2017-11-07_Class stack\Debug\link-cvtres.read.1.tlog
C:\Jacopo\Scuola\Superiori\4°Anno\Informatica\2017-11-07_Class stack\Debug\link-cvtres.write.1.tlog
C:\Jacopo\Scuola\Superiori\4°Anno\Informatica\2017-11-07_Class stack\Debug\main.obj
C:\Jacopo\Scuola\Superiori\4°Anno\Informatica\2017-11-07_Class stack\Debug\mt.command.1.tlog
C:\Jacopo\Scuola\Superiori\4°Anno\Informatica\2017-11-07_Class stack\Debug\mt.read.1.tlog
C:\Jacopo\Scuola\Superiori\4°Anno\Informatica\2017-11-07_Class stack\Debug\mt.write.1.tlog
C:\Jacopo\Scuola\Superiori\4°Anno\Informatica\2017-11-07_Class stack\Debug\rc.command.1.tlog
C:\Jacopo\Scuola\Superiori\4°Anno\Informatica\2017-11-07_Class stack\Debug\rc.read.1.tlog
C:\Jacopo\Scuola\Superiori\4°Anno\Informatica\2017-11-07_Class stack\Debug\rc.write.1.tlog
C:\Jacopo\Scuola\Superiori\4°Anno\Informatica\2017-11-07_Class stack\Debug\Stack.obj
C:\Jacopo\Scuola\Superiori\4°Anno\Informatica\2017-11-07_Class stack\Debug\vc100.idb
C:\Jacopo\Scuola\Superiori\4°Anno\Informatica\2017-11-07_Class stack\Debug\vc100.pdb
