C:\JACOPO\SCUOLA\SUPERIORI\4°ANNO\INFORMATICA\2017-10-31_BASI CLASS\DEBUG\2017-10-31_BASI CLASS.EXE
C:\Jacopo\Scuola\Superiori\4°Anno\Informatica\2017-10-31_Basi class\Debug\2017-10-31_Basi class.exe.embed.manifest
C:\JACOPO\SCUOLA\SUPERIORI\4°ANNO\INFORMATICA\2017-10-31_BASI CLASS\DEBUG\2017-10-31_BASI CLASS.EXE.EMBED.MANIFEST.RES
C:\JACOPO\SCUOLA\SUPERIORI\4°ANNO\INFORMATICA\2017-10-31_BASI CLASS\DEBUG\2017-10-31_BASI CLASS.EXE.INTERMEDIATE.MANIFEST
C:\JACOPO\SCUOLA\SUPERIORI\4°ANNO\INFORMATICA\2017-10-31_BASI CLASS\DEBUG\2017-10-31_BASI CLASS.ILK
C:\JACOPO\SCUOLA\SUPERIORI\4°ANNO\INFORMATICA\2017-10-31_BASI CLASS\DEBUG\2017-10-31_BASI CLASS.PDB
C:\Jacopo\Scuola\Superiori\4°Anno\Informatica\2017-10-31_Basi class\Debug\2017-10-31_Basi class.vcxprojResolveAssemblyReference.cache
C:\Jacopo\Scuola\Superiori\4°Anno\Informatica\2017-10-31_Basi class\Debug\2017-10-31_Basi class.write.1.tlog
C:\Jacopo\Scuola\Superiori\4°Anno\Informatica\2017-10-31_Basi class\Debug\2017-10-31_Basi class_manifest.rc
C:\Jacopo\Scuola\Superiori\4°Anno\Informatica\2017-10-31_Basi class\Debug\cl.command.1.tlog
C:\Jacopo\Scuola\Superiori\4°Anno\Informatica\2017-10-31_Basi class\Debug\CL.read.1.tlog
C:\Jacopo\Scuola\Superiori\4°Anno\Informatica\2017-10-31_Basi class\Debug\CL.write.1.tlog
C:\Jacopo\Scuola\Superiori\4°Anno\Informatica\2017-10-31_Basi class\Debug\link.10100.read.1.tlog
C:\Jacopo\Scuola\Superiori\4°Anno\Informatica\2017-10-31_Basi class\Debug\link.10100.write.1.tlog
C:\Jacopo\Scuola\Superiori\4°Anno\Informatica\2017-10-31_Basi class\Debug\link.10100-cvtres.read.1.tlog
C:\Jacopo\Scuola\Superiori\4°Anno\Informatica\2017-10-31_Basi class\Debug\link.10100-cvtres.write.1.tlog
C:\Jacopo\Scuola\Superiori\4°Anno\Informatica\2017-10-31_Basi class\Debug\link.1396.read.1.tlog
C:\Jacopo\Scuola\Superiori\4°Anno\Informatica\2017-10-31_Basi class\Debug\link.1396.write.1.tlog
C:\Jacopo\Scuola\Superiori\4°Anno\Informatica\2017-10-31_Basi class\Debug\link.1396-cvtres.read.1.tlog
C:\Jacopo\Scuola\Superiori\4°Anno\Informatica\2017-10-31_Basi class\Debug\link.1396-cvtres.write.1.tlog
C:\Jacopo\Scuola\Superiori\4°Anno\Informatica\2017-10-31_Basi class\Debug\link.command.1.tlog
C:\Jacopo\Scuola\Superiori\4°Anno\Informatica\2017-10-31_Basi class\Debug\link.read.1.tlog
C:\Jacopo\Scuola\Superiori\4°Anno\Informatica\2017-10-31_Basi class\Debug\link.write.1.tlog
C:\Jacopo\Scuola\Superiori\4°Anno\Informatica\2017-10-31_Basi class\Debug\link-cvtres.read.1.tlog
C:\Jacopo\Scuola\Superiori\4°Anno\Informatica\2017-10-31_Basi class\Debug\link-cvtres.write.1.tlog
C:\JACOPO\SCUOLA\SUPERIORI\4°ANNO\INFORMATICA\2017-10-31_BASI CLASS\DEBUG\MAIN.OBJ
C:\Jacopo\Scuola\Superiori\4°Anno\Informatica\2017-10-31_Basi class\Debug\mt.command.1.tlog
C:\Jacopo\Scuola\Superiori\4°Anno\Informatica\2017-10-31_Basi class\Debug\mt.read.1.tlog
C:\Jacopo\Scuola\Superiori\4°Anno\Informatica\2017-10-31_Basi class\Debug\mt.write.1.tlog
C:\JACOPO\SCUOLA\SUPERIORI\4°ANNO\INFORMATICA\2017-10-31_BASI CLASS\DEBUG\PUNTO.OBJ
C:\Jacopo\Scuola\Superiori\4°Anno\Informatica\2017-10-31_Basi class\Debug\rc.command.1.tlog
C:\Jacopo\Scuola\Superiori\4°Anno\Informatica\2017-10-31_Basi class\Debug\rc.read.1.tlog
C:\Jacopo\Scuola\Superiori\4°Anno\Informatica\2017-10-31_Basi class\Debug\rc.write.1.tlog
C:\JACOPO\SCUOLA\SUPERIORI\4°ANNO\INFORMATICA\2017-10-31_BASI CLASS\DEBUG\RETTANGOLO.OBJ
C:\Jacopo\Scuola\Superiori\4°Anno\Informatica\2017-10-31_Basi class\Debug\vc100.idb
C:\JACOPO\SCUOLA\SUPERIORI\4°ANNO\INFORMATICA\2017-10-31_BASI CLASS\DEBUG\VC100.PDB
G:\2017-10-31_BASI CLASS\DEBUG\2017-10-31_BASI CLASS.EXE
G:\2017-10-31_BASI CLASS\DEBUG\2017-10-31_BASI CLASS.EXE.EMBED.MANIFEST
G:\2017-10-31_BASI CLASS\DEBUG\2017-10-31_BASI CLASS.EXE.EMBED.MANIFEST.RES
G:\2017-10-31_BASI CLASS\DEBUG\2017-10-31_BASI CLASS.EXE.INTERMEDIATE.MANIFEST
G:\2017-10-31_BASI CLASS\DEBUG\2017-10-31_BASI CLASS.ILK
G:\2017-10-31_BASI CLASS\DEBUG\2017-10-31_BASI CLASS.PDB
G:\2017-10-31_BASI CLASS\DEBUG\MAIN.OBJ
G:\2017-10-31_BASI CLASS\DEBUG\PUNTO.OBJ
G:\2017-10-31_BASI CLASS\DEBUG\RETTANGOLO.OBJ
G:\2017-10-31_BASI CLASS\DEBUG\VC100.PDB
