Compilazione avviata 20/11/2017 17:58:15.
     1>Progetto "C:\Jacopo\Scuola\Superiori\4°Anno\Informatica\2017-10-31_Basi class\2017-10-31_Basi class.vcxproj" sul nodo 2 (destinazioni: rebuild).
     1>_PrepareForClean:
         Eliminazione del file "Debug\2017-10-31_Basi class.lastbuildstate" in corso.
       InitializeBuildStatus:
         Creazione di "Debug\2017-10-31_Basi class.unsuccessfulbuild". È stato specificato "AlwaysCreate".
       ClCompile:
         c:\Program Files (x86)\Microsoft Visual Studio 10.0\VC\bin\CL.exe /c /ZI /nologo /W3 /WX- /Od /Oy- /D WIN32 /D _DEBUG /D _CONSOLE /D _UNICODE /D UNICODE /Gm /EHsc /RTC1 /MDd /GS /fp:precise /Zc:wchar_t /Zc:forScope /Fo"Debug\\" /Fd"Debug\vc100.pdb" /Gd /TP /analyze- /errorReport:prompt main.cpp Punto.cpp Rettangolo.cpp
         Rettangolo.cpp
         Punto.cpp
         main.cpp
         Generazione del codice in corso...
       ManifestResourceCompile:
         C:\Program Files (x86)\Microsoft SDKs\Windows\v7.0A\bin\rc.exe /nologo /fo"Debug\2017-10-31_Basi class.exe.embed.manifest.res" "Debug\2017-10-31_Basi class_manifest.rc" 
       Link:
         c:\Program Files (x86)\Microsoft Visual Studio 10.0\VC\bin\link.exe /ERRORREPORT:PROMPT /OUT:"C:\Jacopo\Scuola\Superiori\4°Anno\Informatica\2017-10-31_Basi class\Debug\2017-10-31_Basi class.exe" /INCREMENTAL /NOLOGO kernel32.lib user32.lib gdi32.lib winspool.lib comdlg32.lib advapi32.lib shell32.lib ole32.lib oleaut32.lib uuid.lib odbc32.lib odbccp32.lib /MANIFEST /ManifestFile:"Debug\2017-10-31_Basi class.exe.intermediate.manifest" /MANIFESTUAC:"level='asInvoker' uiAccess='false'" /DEBUG /PDB:"C:\Jacopo\Scuola\Superiori\4°Anno\Informatica\2017-10-31_Basi class\Debug\2017-10-31_Basi class.pdb" /SUBSYSTEM:CONSOLE /TLBID:1 /DYNAMICBASE /NXCOMPAT /IMPLIB:"C:\Jacopo\Scuola\Superiori\4°Anno\Informatica\2017-10-31_Basi class\Debug\2017-10-31_Basi class.lib" /MACHINE:X86 "Debug\2017-10-31_Basi class.exe.embed.manifest.res"
         Debug\main.obj
         Debug\Punto.obj
         Debug\Rettangolo.obj
       Manifest:
         Eliminazione del file "Debug\2017-10-31_Basi class.exe.embed.manifest" in corso.
         C:\Program Files (x86)\Microsoft SDKs\Windows\v7.0A\bin\mt.exe /nologo /verbose /out:"Debug\2017-10-31_Basi class.exe.embed.manifest" /manifest "Debug\2017-10-31_Basi class.exe.intermediate.manifest"
         C:\Program Files (x86)\Microsoft SDKs\Windows\v7.0A\bin\rc.exe /nologo /fo"Debug\2017-10-31_Basi class.exe.embed.manifest.res" "Debug\2017-10-31_Basi class_manifest.rc" 
       LinkEmbedManifest:
         c:\Program Files (x86)\Microsoft Visual Studio 10.0\VC\bin\link.exe /ERRORREPORT:PROMPT /OUT:"C:\Jacopo\Scuola\Superiori\4°Anno\Informatica\2017-10-31_Basi class\Debug\2017-10-31_Basi class.exe" /INCREMENTAL /NOLOGO kernel32.lib user32.lib gdi32.lib winspool.lib comdlg32.lib advapi32.lib shell32.lib ole32.lib oleaut32.lib uuid.lib odbc32.lib odbccp32.lib /MANIFEST /ManifestFile:"Debug\2017-10-31_Basi class.exe.intermediate.manifest" /MANIFESTUAC:"level='asInvoker' uiAccess='false'" /DEBUG /PDB:"C:\Jacopo\Scuola\Superiori\4°Anno\Informatica\2017-10-31_Basi class\Debug\2017-10-31_Basi class.pdb" /SUBSYSTEM:CONSOLE /TLBID:1 /DYNAMICBASE /NXCOMPAT /IMPLIB:"C:\Jacopo\Scuola\Superiori\4°Anno\Informatica\2017-10-31_Basi class\Debug\2017-10-31_Basi class.lib" /MACHINE:X86 "Debug\2017-10-31_Basi class.exe.embed.manifest.res"
         Debug\main.obj
         Debug\Punto.obj
         Debug\Rettangolo.obj
         2017-10-31_Basi class.vcxproj -> C:\Jacopo\Scuola\Superiori\4°Anno\Informatica\2017-10-31_Basi class\Debug\2017-10-31_Basi class.exe
       FinalizeBuildStatus:
         Eliminazione del file "Debug\2017-10-31_Basi class.unsuccessfulbuild" in corso.
         Aggiornamento timestamp di "Debug\2017-10-31_Basi class.lastbuildstate".
     1>Compilazione progetto "C:\Jacopo\Scuola\Superiori\4°Anno\Informatica\2017-10-31_Basi class\2017-10-31_Basi class.vcxproj" (destinazioni: rebuild) completata.

Compilazione completata.

Tempo trascorso 00:00:01.55
