Compilazione avviata 12/10/2017 12:43:45.
     1>Progetto "F:\2017-10-12_Gestione Polinomi\2017-10-12_Gestione Polinomi.vcxproj" sul nodo 2 (destinazioni: build).
     1>InitializeBuildStatus:
         Creazione di "Debug\2017-10-12_Gestione Polinomi.unsuccessfulbuild". È stato specificato "AlwaysCreate".
       ClCompile:
         C:\Program Files (x86)\Microsoft Visual Studio 10.0\VC\bin\CL.exe /c /ZI /nologo /W3 /WX- /Od /Oy- /D WIN32 /D _DEBUG /D _CONSOLE /D _UNICODE /D UNICODE /Gm /EHsc /RTC1 /MDd /GS /fp:precise /Zc:wchar_t /Zc:forScope /Fo"Debug\\" /Fd"Debug\vc100.pdb" /Gd /TC /analyze- /errorReport:prompt main.c
         main.c
     1>f:\2017-10-12_gestione polinomi\main.c(16): warning C4101: 'n': variabile locale senza riferimenti
     1>f:\2017-10-12_gestione polinomi\main.c(17): warning C4101: 'coeff': variabile locale senza riferimenti
     1>f:\2017-10-12_gestione polinomi\main.c(39): warning C4996: 'scanf': This function or variable may be unsafe. Consider using scanf_s instead. To disable deprecation, use _CRT_SECURE_NO_WARNINGS. See online help for details.
                 c:\program files (x86)\microsoft visual studio 10.0\vc\include\stdio.h(304): vedere la dichiarazione di 'scanf'
     1>f:\2017-10-12_gestione polinomi\main.c(47): warning C4996: 'scanf': This function or variable may be unsafe. Consider using scanf_s instead. To disable deprecation, use _CRT_SECURE_NO_WARNINGS. See online help for details.
                 c:\program files (x86)\microsoft visual studio 10.0\vc\include\stdio.h(304): vedere la dichiarazione di 'scanf'
     1>f:\2017-10-12_gestione polinomi\main.c(69): warning C4101: 'esp': variabile locale senza riferimenti
       ManifestResourceCompile:
         Tutti gli output sono aggiornati.
       Link:
         C:\Program Files (x86)\Microsoft Visual Studio 10.0\VC\bin\link.exe /ERRORREPORT:PROMPT /OUT:"F:\2017-10-12_Gestione Polinomi\Debug\2017-10-12_Gestione Polinomi.exe" /INCREMENTAL /NOLOGO kernel32.lib user32.lib gdi32.lib winspool.lib comdlg32.lib advapi32.lib shell32.lib ole32.lib oleaut32.lib uuid.lib odbc32.lib odbccp32.lib /MANIFEST /ManifestFile:"Debug\2017-10-12_Gestione Polinomi.exe.intermediate.manifest" /MANIFESTUAC:"level='asInvoker' uiAccess='false'" /DEBUG /PDB:"F:\2017-10-12_Gestione Polinomi\Debug\2017-10-12_Gestione Polinomi.pdb" /SUBSYSTEM:CONSOLE /TLBID:1 /DYNAMICBASE /NXCOMPAT /IMPLIB:"F:\2017-10-12_Gestione Polinomi\Debug\2017-10-12_Gestione Polinomi.lib" /MACHINE:X86 "Debug\2017-10-12_Gestione Polinomi.exe.embed.manifest.res"
         Debug\lista.obj
         Debug\main.obj
       Manifest:
         C:\Program Files (x86)\Microsoft SDKs\Windows\v7.0A\bin\mt.exe /nologo /verbose /out:"Debug\2017-10-12_Gestione Polinomi.exe.embed.manifest" /manifest "Debug\2017-10-12_Gestione Polinomi.exe.intermediate.manifest"
         Tutti gli output sono aggiornati.
       LinkEmbedManifest:
         Tutti gli output sono aggiornati.
         2017-10-12_Gestione Polinomi.vcxproj -> F:\2017-10-12_Gestione Polinomi\Debug\2017-10-12_Gestione Polinomi.exe
       FinalizeBuildStatus:
         Eliminazione del file "Debug\2017-10-12_Gestione Polinomi.unsuccessfulbuild" in corso.
         Aggiornamento timestamp di "Debug\2017-10-12_Gestione Polinomi.lastbuildstate".
     1>Compilazione progetto "F:\2017-10-12_Gestione Polinomi\2017-10-12_Gestione Polinomi.vcxproj" (destinazioni: build) completata.

Compilazione completata.

Tempo trascorso 00:00:03.86
