Compilazione avviata 28/11/2017 09:03:24.
     1>Progetto "E:\cecco e bj\2017-11-21_Parcheggio verifica\2017-11-21_Parcheggio verifica.vcxproj" sul nodo 2 (destinazioni: build).
     1>InitializeBuildStatus:
         Creazione di "Debug\2017-11-21_Parcheggio verifica.unsuccessfulbuild". È stato specificato "AlwaysCreate".
       ClCompile:
         C:\Program Files (x86)\Microsoft Visual Studio 10.0\VC\bin\CL.exe /c /ZI /nologo /W3 /WX- /Od /Oy- /D WIN32 /D _DEBUG /D _CONSOLE /D _UNICODE /D UNICODE /Gm /EHsc /RTC1 /MDd /GS /fp:precise /Zc:wchar_t /Zc:forScope /Fo"Debug\\" /Fd"Debug\vc100.pdb" /Gd /TP /analyze- /errorReport:prompt main.cpp
         main.cpp
     1>e:\cecco e bj\2017-11-21_parcheggio verifica\main.cpp(31): warning C4996: 'scanf': This function or variable may be unsafe. Consider using scanf_s instead. To disable deprecation, use _CRT_SECURE_NO_WARNINGS. See online help for details.
                 c:\program files (x86)\microsoft visual studio 10.0\vc\include\stdio.h(304): vedere la dichiarazione di 'scanf'
       ManifestResourceCompile:
         Tutti gli output sono aggiornati.
       Link:
         C:\Program Files (x86)\Microsoft Visual Studio 10.0\VC\bin\link.exe /ERRORREPORT:PROMPT /OUT:"E:\cecco e bj\2017-11-21_Parcheggio verifica\Debug\2017-11-21_Parcheggio verifica.exe" /INCREMENTAL /NOLOGO kernel32.lib user32.lib gdi32.lib winspool.lib comdlg32.lib advapi32.lib shell32.lib ole32.lib oleaut32.lib uuid.lib odbc32.lib odbccp32.lib /MANIFEST /ManifestFile:"Debug\2017-11-21_Parcheggio verifica.exe.intermediate.manifest" /MANIFESTUAC:"level='asInvoker' uiAccess='false'" /DEBUG /PDB:"E:\cecco e bj\2017-11-21_Parcheggio verifica\Debug\2017-11-21_Parcheggio verifica.pdb" /SUBSYSTEM:CONSOLE /TLBID:1 /DYNAMICBASE /NXCOMPAT /IMPLIB:"E:\cecco e bj\2017-11-21_Parcheggio verifica\Debug\2017-11-21_Parcheggio verifica.lib" /MACHINE:X86 "Debug\2017-11-21_Parcheggio verifica.exe.embed.manifest.res"
         Debug\main.obj
         Debug\Parcheggio.obj
       Manifest:
         C:\Program Files (x86)\Microsoft SDKs\Windows\v7.0A\bin\mt.exe /nologo /verbose /out:"Debug\2017-11-21_Parcheggio verifica.exe.embed.manifest" /manifest "Debug\2017-11-21_Parcheggio verifica.exe.intermediate.manifest"
         Tutti gli output sono aggiornati.
       LinkEmbedManifest:
         Tutti gli output sono aggiornati.
         2017-11-21_Parcheggio verifica.vcxproj -> E:\cecco e bj\2017-11-21_Parcheggio verifica\Debug\2017-11-21_Parcheggio verifica.exe
       FinalizeBuildStatus:
         Eliminazione del file "Debug\2017-11-21_Parcheggio verifica.unsuccessfulbuild" in corso.
         Aggiornamento timestamp di "Debug\2017-11-21_Parcheggio verifica.lastbuildstate".
     1>Compilazione progetto "E:\cecco e bj\2017-11-21_Parcheggio verifica\2017-11-21_Parcheggio verifica.vcxproj" (destinazioni: build) completata.

Compilazione completata.

Tempo trascorso 00:00:00.92
