E:\CECCO E BJ\2017-11-21_PARCHEGGIO VERIFICA\DEBUG\2017-11-21_PARCHEGGIO VERIFICA.EXE
E:\CECCO E BJ\2017-11-21_PARCHEGGIO VERIFICA\DEBUG\2017-11-21_PARCHEGGIO VERIFICA.EXE.EMBED.MANIFEST
E:\CECCO E BJ\2017-11-21_PARCHEGGIO VERIFICA\DEBUG\2017-11-21_PARCHEGGIO VERIFICA.EXE.EMBED.MANIFEST.RES
E:\CECCO E BJ\2017-11-21_PARCHEGGIO VERIFICA\DEBUG\2017-11-21_PARCHEGGIO VERIFICA.EXE.INTERMEDIATE.MANIFEST
E:\CECCO E BJ\2017-11-21_PARCHEGGIO VERIFICA\DEBUG\2017-11-21_PARCHEGGIO VERIFICA.ILK
E:\CECCO E BJ\2017-11-21_PARCHEGGIO VERIFICA\DEBUG\2017-11-21_PARCHEGGIO VERIFICA.PDB
E:\cecco e bj\2017-11-21_Parcheggio verifica\Debug\2017-11-21_Parcheggio verifica.write.1.tlog
E:\cecco e bj\2017-11-21_Parcheggio verifica\Debug\2017-11-21_Parcheggio verifica_manifest.rc
E:\cecco e bj\2017-11-21_Parcheggio verifica\Debug\cl.command.1.tlog
E:\cecco e bj\2017-11-21_Parcheggio verifica\Debug\CL.read.1.tlog
E:\cecco e bj\2017-11-21_Parcheggio verifica\Debug\CL.write.1.tlog
E:\cecco e bj\2017-11-21_Parcheggio verifica\Debug\link.4952.read.1.tlog
E:\cecco e bj\2017-11-21_Parcheggio verifica\Debug\link.4952.write.1.tlog
E:\cecco e bj\2017-11-21_Parcheggio verifica\Debug\link.4952-cvtres.read.1.tlog
E:\cecco e bj\2017-11-21_Parcheggio verifica\Debug\link.4952-cvtres.write.1.tlog
E:\cecco e bj\2017-11-21_Parcheggio verifica\Debug\link.command.1.tlog
E:\cecco e bj\2017-11-21_Parcheggio verifica\Debug\link.read.1.tlog
E:\cecco e bj\2017-11-21_Parcheggio verifica\Debug\link.write.1.tlog
E:\cecco e bj\2017-11-21_Parcheggio verifica\Debug\link-cvtres.read.1.tlog
E:\cecco e bj\2017-11-21_Parcheggio verifica\Debug\link-cvtres.write.1.tlog
E:\CECCO E BJ\2017-11-21_PARCHEGGIO VERIFICA\DEBUG\MAIN.OBJ
E:\cecco e bj\2017-11-21_Parcheggio verifica\Debug\mt.command.1.tlog
E:\cecco e bj\2017-11-21_Parcheggio verifica\Debug\mt.read.1.tlog
E:\cecco e bj\2017-11-21_Parcheggio verifica\Debug\mt.write.1.tlog
E:\CECCO E BJ\2017-11-21_PARCHEGGIO VERIFICA\DEBUG\PARCHEGGIO.OBJ
E:\cecco e bj\2017-11-21_Parcheggio verifica\Debug\rc.command.1.tlog
E:\cecco e bj\2017-11-21_Parcheggio verifica\Debug\rc.read.1.tlog
E:\cecco e bj\2017-11-21_Parcheggio verifica\Debug\rc.write.1.tlog
E:\cecco e bj\2017-11-21_Parcheggio verifica\Debug\vc100.idb
E:\CECCO E BJ\2017-11-21_PARCHEGGIO VERIFICA\DEBUG\VC100.PDB
