Compilazione avviata 20/09/2017 11:59:16.
     1>Progetto "\\infoserver\agostinelligi\Informatica\Informatica 4^A\2017-09-19_Container\2017-09-19_Container.vcxproj" sul nodo 2 (destinazioni: build).
     1>InitializeBuildStatus:
         Creazione di "Debug\2017-09-19_Container.unsuccessfulbuild". È stato specificato "AlwaysCreate".
       ClCompile:
         C:\Program Files (x86)\Microsoft Visual Studio 10.0\VC\bin\CL.exe /c /ZI /nologo /W3 /WX- /Od /Oy- /D WIN32 /D _DEBUG /D _CONSOLE /D _UNICODE /D UNICODE /Gm /EHsc /RTC1 /MDd /GS /fp:precise /Zc:wchar_t /Zc:forScope /Fo"Debug\\" /Fd"Debug\vc100.pdb" /Gd /TC /analyze- /errorReport:prompt main.c
         main.c
     1>\\infoserver\agostinelligi\informatica\informatica 4^a\2017-09-19_container\main.c(49): warning C4996: 'scanf': This function or variable may be unsafe. Consider using scanf_s instead. To disable deprecation, use _CRT_SECURE_NO_WARNINGS. See online help for details.
                 c:\program files (x86)\microsoft visual studio 10.0\vc\include\stdio.h(304): vedere la dichiarazione di 'scanf'
     1>\\infoserver\agostinelligi\informatica\informatica 4^a\2017-09-19_container\main.c(51): warning C4996: 'scanf': This function or variable may be unsafe. Consider using scanf_s instead. To disable deprecation, use _CRT_SECURE_NO_WARNINGS. See online help for details.
                 c:\program files (x86)\microsoft visual studio 10.0\vc\include\stdio.h(304): vedere la dichiarazione di 'scanf'
     1>\\infoserver\agostinelligi\informatica\informatica 4^a\2017-09-19_container\main.c(28): warning C4101: 'parco': variabile locale senza riferimenti
       ManifestResourceCompile:
         C:\Program Files (x86)\Microsoft SDKs\Windows\v7.0A\bin\rc.exe /nologo /fo"Debug\2017-09-19_Container.exe.embed.manifest.res" Debug\2017-09-19_Container_manifest.rc 
       Link:
         C:\Program Files (x86)\Microsoft Visual Studio 10.0\VC\bin\link.exe /ERRORREPORT:PROMPT /OUT:"\\infoserver\agostinelligi\Informatica\Informatica 4^A\2017-09-19_Container\Debug\2017-09-19_Container.exe" /INCREMENTAL /NOLOGO kernel32.lib user32.lib gdi32.lib winspool.lib comdlg32.lib advapi32.lib shell32.lib ole32.lib oleaut32.lib uuid.lib odbc32.lib odbccp32.lib /MANIFEST /ManifestFile:"Debug\2017-09-19_Container.exe.intermediate.manifest" /MANIFESTUAC:"level='asInvoker' uiAccess='false'" /DEBUG /PDB:"\\infoserver\agostinelligi\Informatica\Informatica 4^A\2017-09-19_Container\Debug\2017-09-19_Container.pdb" /SUBSYSTEM:CONSOLE /TLBID:1 /DYNAMICBASE /NXCOMPAT /IMPLIB:"\\infoserver\agostinelligi\Informatica\Informatica 4^A\2017-09-19_Container\Debug\2017-09-19_Container.lib" /MACHINE:X86 "Debug\2017-09-19_Container.exe.embed.manifest.res"
         Debug\main.obj
       Manifest:
         C:\Program Files (x86)\Microsoft SDKs\Windows\v7.0A\bin\mt.exe /nologo /verbose /out:"Debug\2017-09-19_Container.exe.embed.manifest" /manifest "Debug\2017-09-19_Container.exe.intermediate.manifest"
         C:\Program Files (x86)\Microsoft SDKs\Windows\v7.0A\bin\rc.exe /nologo /fo"Debug\2017-09-19_Container.exe.embed.manifest.res" Debug\2017-09-19_Container_manifest.rc 
       LinkEmbedManifest:
         C:\Program Files (x86)\Microsoft Visual Studio 10.0\VC\bin\link.exe /ERRORREPORT:PROMPT /OUT:"\\infoserver\agostinelligi\Informatica\Informatica 4^A\2017-09-19_Container\Debug\2017-09-19_Container.exe" /INCREMENTAL /NOLOGO kernel32.lib user32.lib gdi32.lib winspool.lib comdlg32.lib advapi32.lib shell32.lib ole32.lib oleaut32.lib uuid.lib odbc32.lib odbccp32.lib /MANIFEST /ManifestFile:"Debug\2017-09-19_Container.exe.intermediate.manifest" /MANIFESTUAC:"level='asInvoker' uiAccess='false'" /DEBUG /PDB:"\\infoserver\agostinelligi\Informatica\Informatica 4^A\2017-09-19_Container\Debug\2017-09-19_Container.pdb" /SUBSYSTEM:CONSOLE /TLBID:1 /DYNAMICBASE /NXCOMPAT /IMPLIB:"\\infoserver\agostinelligi\Informatica\Informatica 4^A\2017-09-19_Container\Debug\2017-09-19_Container.lib" /MACHINE:X86 "Debug\2017-09-19_Container.exe.embed.manifest.res"
         Debug\main.obj
         2017-09-19_Container.vcxproj -> \\infoserver\agostinelligi\Informatica\Informatica 4^A\2017-09-19_Container\Debug\2017-09-19_Container.exe
       FinalizeBuildStatus:
         Eliminazione del file "Debug\2017-09-19_Container.unsuccessfulbuild" in corso.
         Aggiornamento timestamp di "Debug\2017-09-19_Container.lastbuildstate".
     1>Compilazione progetto "\\infoserver\agostinelligi\Informatica\Informatica 4^A\2017-09-19_Container\2017-09-19_Container.vcxproj" (destinazioni: build) completata.

Compilazione completata.

Tempo trascorso 00:00:03.51
